c:\users\karti\source\repos\blockbreaker\x64\release\blockbreaker.ipdb
c:\users\karti\source\repos\blockbreaker\x64\release\blockbreaker.iobj
c:\users\karti\source\repos\blockbreaker\x64\release\vc142.pdb
c:\users\karti\source\repos\blockbreaker\x64\release\statehandler.nativecodeanalysis.sarif
c:\users\karti\source\repos\blockbreaker\x64\release\statehandler.nativecodeanalysis.xml
c:\users\karti\source\repos\blockbreaker\x64\release\splashscreenstate.nativecodeanalysis.sarif
c:\users\karti\source\repos\blockbreaker\x64\release\splashscreenstate.nativecodeanalysis.xml
c:\users\karti\source\repos\blockbreaker\x64\release\pausemenustate.nativecodeanalysis.sarif
c:\users\karti\source\repos\blockbreaker\x64\release\pausemenustate.nativecodeanalysis.xml
c:\users\karti\source\repos\blockbreaker\x64\release\mainmenustate.nativecodeanalysis.sarif
c:\users\karti\source\repos\blockbreaker\x64\release\mainmenustate.nativecodeanalysis.xml
c:\users\karti\source\repos\blockbreaker\x64\release\main.nativecodeanalysis.sarif
c:\users\karti\source\repos\blockbreaker\x64\release\main.nativecodeanalysis.xml
c:\users\karti\source\repos\blockbreaker\x64\release\gamestate.nativecodeanalysis.sarif
c:\users\karti\source\repos\blockbreaker\x64\release\gamestate.nativecodeanalysis.xml
c:\users\karti\source\repos\blockbreaker\x64\release\gameoverstate.nativecodeanalysis.sarif
c:\users\karti\source\repos\blockbreaker\x64\release\gameoverstate.nativecodeanalysis.xml
c:\users\karti\source\repos\blockbreaker\x64\release\game.nativecodeanalysis.sarif
c:\users\karti\source\repos\blockbreaker\x64\release\game.nativecodeanalysis.xml
c:\users\karti\source\repos\blockbreaker\x64\release\assetsmanager.nativecodeanalysis.sarif
c:\users\karti\source\repos\blockbreaker\x64\release\assetsmanager.nativecodeanalysis.xml
c:\users\karti\source\repos\blockbreaker\x64\release\assetsmanager.obj
c:\users\karti\source\repos\blockbreaker\x64\release\game.obj
c:\users\karti\source\repos\blockbreaker\x64\release\gameoverstate.obj
c:\users\karti\source\repos\blockbreaker\x64\release\gamestate.obj
c:\users\karti\source\repos\blockbreaker\x64\release\main.obj
c:\users\karti\source\repos\blockbreaker\x64\release\mainmenustate.obj
c:\users\karti\source\repos\blockbreaker\x64\release\pausemenustate.obj
c:\users\karti\source\repos\blockbreaker\x64\release\splashscreenstate.obj
c:\users\karti\source\repos\blockbreaker\x64\release\statehandler.obj
c:\users\karti\source\repos\blockbreaker\x64\release\blockbreaker.exe
c:\users\karti\source\repos\blockbreaker\x64\release\blockbreaker.pdb
c:\users\karti\source\repos\blockbreaker\x64\release\vc.nativecodeanalysis.all.xml
c:\users\karti\source\repos\blockbreaker\x64\release\blockbreaker.tlog\blockbreaker.write.1u.tlog
c:\users\karti\source\repos\blockbreaker\x64\release\blockbreaker.tlog\cl.command.1.tlog
c:\users\karti\source\repos\blockbreaker\x64\release\blockbreaker.tlog\cl.read.1.tlog
c:\users\karti\source\repos\blockbreaker\x64\release\blockbreaker.tlog\cl.write.1.tlog
c:\users\karti\source\repos\blockbreaker\x64\release\blockbreaker.tlog\link.command.1.tlog
c:\users\karti\source\repos\blockbreaker\x64\release\blockbreaker.tlog\link.read.1.tlog
c:\users\karti\source\repos\blockbreaker\x64\release\blockbreaker.tlog\link.write.1.tlog
